<?xml version="1.0" encoding="UTF-8" ?>
<testsuite errors="0" failures="0" hostname="przewalski" name="tests.eu.synectique.verveine.extractor.java.VerveineJTest_ArrayListMatthias" skipped="0" tests="7" time="1.218" timestamp="2017-12-28T14:59:34">
  <properties>
    <property name="java.vendor" value="Oracle Corporation" />
    <property name="sun.java.launcher" value="SUN_STANDARD" />
    <property name="sun.management.compiler" value="HotSpot 64-Bit Tiered Compilers" />
    <property name="docs.dir" value="/home/anquetil/Documents/RMod/Tools/workspace/verveine.extractor.java/docs" />
    <property name="os.name" value="Linux" />
    <property name="sun.boot.class.path" value="/usr/lib/jvm/jdk1.8.0_151/jre/lib/resources.jar:/usr/lib/jvm/jdk1.8.0_151/jre/lib/rt.jar:/usr/lib/jvm/jdk1.8.0_151/jre/lib/sunrsasign.jar:/usr/lib/jvm/jdk1.8.0_151/jre/lib/jsse.jar:/usr/lib/jvm/jdk1.8.0_151/jre/lib/jce.jar:/usr/lib/jvm/jdk1.8.0_151/jre/lib/charsets.jar:/usr/lib/jvm/jdk1.8.0_151/jre/lib/jfr.jar:/usr/lib/jvm/jdk1.8.0_151/jre/classes" />
    <property name="sun.desktop" value="gnome" />
    <property name="java.vm.specification.vendor" value="Oracle Corporation" />
    <property name="ant.home" value="/usr/share/ant" />
    <property name="java.runtime.version" value="1.8.0_151-b12" />
    <property name="user.name" value="anquetil" />
    <property name="build.dir" value="/home/anquetil/Documents/RMod/Tools/workspace/verveine.extractor.java/bin" />
    <property name="testsrc.dir" value="/home/anquetil/Documents/RMod/Tools/workspace/verveine.extractor.java/tests" />
    <property name="user.language" value="en" />
    <property name="test.report.dir" value="/home/anquetil/Documents/RMod/Tools/workspace/verveine.extractor.java/testrep" />
    <property name="sun.boot.library.path" value="/usr/lib/jvm/jdk1.8.0_151/jre/lib/amd64" />
    <property name="ant.file.verveine.extractor.java" value="/home/anquetil/Documents/RMod/Tools/workspace/verveine.extractor.java/build.xml" />
    <property name="ant.project.default-target" value="jar" />
    <property name="ant.project.name" value="verveine.extractor.java" />
    <property name="java.version" value="1.8.0_151" />
    <property name="user.timezone" value="" />
    <property name="sun.arch.data.model" value="64" />
    <property name="java.endorsed.dirs" value="/usr/lib/jvm/jdk1.8.0_151/jre/lib/endorsed" />
    <property name="sun.cpu.isalist" value="" />
    <property name="sun.jnu.encoding" value="UTF-8" />
    <property name="file.encoding.pkg" value="sun.io" />
    <property name="file.separator" value="/" />
    <property name="java.specification.name" value="Java Platform API Specification" />
    <property name="java.class.version" value="52.0" />
    <property name="user.country" value="US" />
    <property name="java.home" value="/usr/lib/jvm/jdk1.8.0_151/jre" />
    <property name="dist.dir" value="/home/anquetil/Documents/RMod/Tools/workspace/verveine.extractor.java/lib" />
    <property name="java.vm.info" value="mixed mode" />
    <property name="ant.file" value="/home/anquetil/Documents/RMod/Tools/workspace/verveine.extractor.java/build.xml" />
    <property name="os.version" value="4.13.0-21-generic" />
    <property name="path.separator" value=":" />
    <property name="java.vm.version" value="25.151-b12" />
    <property name="ant.library.dir" value="/usr/share/ant/lib" />
    <property name="java.awt.printerjob" value="sun.print.PSPrinterJob" />
    <property name="sun.io.unicode.encoding" value="UnicodeLittle" />
    <property name="awt.toolkit" value="sun.awt.X11.XToolkit" />
    <property name="user.home" value="/home/anquetil" />
    <property name="java.specification.vendor" value="Oracle Corporation" />
    <property name="java.library.path" value="/usr/java/packages/lib/amd64:/usr/lib64:/lib64:/lib:/usr/lib" />
    <property name="java.vendor.url" value="http://java.oracle.com/" />
    <property name="java.vm.vendor" value="Oracle Corporation" />
    <property name="java.runtime.name" value="Java(TM) SE Runtime Environment" />
    <property name="sun.java.command" value="org.apache.tools.ant.taskdefs.optional.junit.JUnitTestRunner tests.eu.synectique.verveine.extractor.java.VerveineJTest_ArrayListMatthias skipNonTests=false filtertrace=true haltOnError=false haltOnFailure=false formatter=org.apache.tools.ant.taskdefs.optional.junit.SummaryJUnitResultFormatter showoutput=false outputtoformatters=true logfailedtests=true threadid=0 logtestlistenerevents=false formatter=org.apache.tools.ant.taskdefs.optional.junit.XMLJUnitResultFormatter,/home/anquetil/Documents/RMod/Tools/workspace/verveine.extractor.java/testrep/TEST-tests.eu.synectique.verveine.extractor.java.VerveineJTest_ArrayListMatthias.xml crashfile=/home/anquetil/Documents/RMod/Tools/workspace/verveine.extractor.java/junitvmwatcher6646552189474198299.properties propsfile=/home/anquetil/Documents/RMod/Tools/workspace/verveine.extractor.java/junit1859090267580769783.properties" />
    <property name="java.class.path" value="/home/anquetil/Documents/RMod/Tools/workspace/verveine.extractor.java/lib/akuhn-util-r28011.jar:/home/anquetil/Documents/RMod/Tools/workspace/verveine.extractor.java/lib/commons-codec-1.4.jar:/home/anquetil/Documents/RMod/Tools/workspace/verveine.extractor.java/lib/fame-20170811.jar:/home/anquetil/Documents/RMod/Tools/workspace/verveine.extractor.java/lib/fame.jar:/home/anquetil/Documents/RMod/Tools/workspace/verveine.extractor.java/lib/famix-20170924_1113.jar:/home/anquetil/Documents/RMod/Tools/workspace/verveine.extractor.java/lib/famix.jar:/home/anquetil/Documents/RMod/Tools/workspace/verveine.extractor.java/lib/fast-20170924_1113.jar:/home/anquetil/Documents/RMod/Tools/workspace/verveine.extractor.java/lib/fast.jar:/home/anquetil/Documents/RMod/Tools/workspace/verveine.extractor.java/lib/junit.jar:/home/anquetil/Documents/RMod/Tools/workspace/verveine.extractor.java/lib/org.eclipse.core.contenttype_3.5.0.v20150421-2214.jar:/home/anquetil/Documents/RMod/Tools/workspace/verveine.extractor.java/lib/org.eclipse.core.jobs_3.7.0.v20150330-2103.jar:/home/anquetil/Documents/RMod/Tools/workspace/verveine.extractor.java/lib/org.eclipse.core.resources_3.10.1.v20150725-1910.jar:/home/anquetil/Documents/RMod/Tools/workspace/verveine.extractor.java/lib/org.eclipse.core.runtime_3.11.1.v20150903-1804.jar:/home/anquetil/Documents/RMod/Tools/workspace/verveine.extractor.java/lib/org.eclipse.equinox.common_3.7.0.v20150402-1709.jar:/home/anquetil/Documents/RMod/Tools/workspace/verveine.extractor.java/lib/org.eclipse.equinox.preferences_3.5.300.v20150408-1437.jar:/home/anquetil/Documents/RMod/Tools/workspace/verveine.extractor.java/lib/org.eclipse.jdt.core_3.11.2.v20160128-0629.jar:/home/anquetil/Documents/RMod/Tools/workspace/verveine.extractor.java/lib/org.eclipse.osgi_3.10.102.v20160118-1700.jar:/home/anquetil/Documents/RMod/Tools/workspace/verveine.extractor.java/lib/org.hamcrest.core_1.3.0.v201303031735.jar:/home/anquetil/Documents/RMod/Tools/workspace/verveine.extractor.java/lib/verveine.core-20170924_1113.jar:/home/anquetil/Documents/RMod/Tools/workspace/verveine.extractor.java/lib/verveine.core.jar:/home/anquetil/Documents/RMod/Tools/workspace/verveine.extractor.java/lib/verveine.extractor.java.jar:/home/anquetil/Documents/RMod/Tools/workspace/verveine.extractor.java/lib/verveine.extractor.java.tests.jar:/usr/share/java/ant-launcher-1.9.9.jar:/usr/share/ant/lib/ant.jar:/usr/share/ant/lib/ant-junit.jar:/usr/share/ant/lib/ant-junit4.jar" />
    <property name="ant.version" value="Apache Ant(TM) version 1.9.9 compiled on June 29 2017" />
    <property name="java.vm.specification.name" value="Java Virtual Machine Specification" />
    <property name="ant.file.type" value="file" />
    <property name="java.vm.specification.version" value="1.8" />
    <property name="sun.cpu.endian" value="little" />
    <property name="sun.os.patch.level" value="unknown" />
    <property name="ant.file.type.verveine.extractor.java" value="file" />
    <property name="java.io.tmpdir" value="/tmp" />
    <property name="java.vendor.url.bug" value="http://bugreport.sun.com/bugreport/" />
    <property name="verveine.jar" value="/home/anquetil/Documents/RMod/Tools/workspace/verveine.extractor.java/lib/verveine.extractor.java.jar" />
    <property name="os.arch" value="amd64" />
    <property name="java.awt.graphicsenv" value="sun.awt.X11GraphicsEnvironment" />
    <property name="java.ext.dirs" value="/usr/lib/jvm/jdk1.8.0_151/jre/lib/ext:/usr/java/packages/lib/ext" />
    <property name="user.dir" value="/home/anquetil/Documents/RMod/Tools/workspace/verveine.extractor.java" />
    <property name="line.separator" value="&#xa;" />
    <property name="java.vm.name" value="Java HotSpot(TM) 64-Bit Server VM" />
    <property name="basedir" value="/home/anquetil/Documents/RMod/Tools/workspace/verveine.extractor.java" />
    <property name="ant.java.version" value="1.8" />
    <property name="ant.core.lib" value="/usr/share/ant/lib/ant.jar" />
    <property name="file.encoding" value="UTF-8" />
    <property name="tests.jar" value="/home/anquetil/Documents/RMod/Tools/workspace/verveine.extractor.java/lib/verveine.extractor.java.tests.jar" />
    <property name="java.specification.version" value="1.8" />
    <property name="src.dir" value="/home/anquetil/Documents/RMod/Tools/workspace/verveine.extractor.java/src" />
    <property name="ant.project.invoked-targets" value="junit" />
  </properties>
  <testcase classname="tests.eu.synectique.verveine.extractor.java.VerveineJTest_ArrayListMatthias" name="testEntitiesNumber" time="0.833" />
  <testcase classname="tests.eu.synectique.verveine.extractor.java.VerveineJTest_ArrayListMatthias" name="testAssociation" time="0.07" />
  <testcase classname="tests.eu.synectique.verveine.extractor.java.VerveineJTest_ArrayListMatthias" name="testBelongsTo" time="0.064" />
  <testcase classname="tests.eu.synectique.verveine.extractor.java.VerveineJTest_ArrayListMatthias" name="testSourceLanguage" time="0.045" />
  <testcase classname="tests.eu.synectique.verveine.extractor.java.VerveineJTest_ArrayListMatthias" name="testJavaCore" time="0.058" />
  <testcase classname="tests.eu.synectique.verveine.extractor.java.VerveineJTest_ArrayListMatthias" name="testMethodAndClassSourceAnchor" time="0.053" />
  <testcase classname="tests.eu.synectique.verveine.extractor.java.VerveineJTest_ArrayListMatthias" name="testPrimitiveTypes" time="0.056" />
  <system-out><![CDATA[Processing file: test_src/ArrayList-Matthias/Bla.java
Processing file: test_src/ArrayList-Matthias/Bla.java
Processing file: test_src/ArrayList-Matthias/Bla.java
Processing file: test_src/ArrayList-Matthias/Bla.java
Processing file: test_src/ArrayList-Matthias/Bla.java
Processing file: test_src/ArrayList-Matthias/Bla.java
Processing file: test_src/ArrayList-Matthias/Bla.java
]]></system-out>
  <system-err><![CDATA[]]></system-err>
</testsuite>
