<?xml version="1.0" encoding="UTF-8" ?>
<testsuite errors="0" failures="1" hostname="Merychippus" name="tests.fr.inria.verveine.extractor.java.VerveineJTest_Summarized" tests="8" time="6.135" timestamp="2013-02-03T13:48:44">
  <properties>
    <property name="java.vendor" value="Oracle Corporation" />
    <property name="sun.java.launcher" value="SUN_STANDARD" />
    <property name="sun.management.compiler" value="HotSpot Tiered Compilers" />
    <property name="docs.dir" value="/home/anquetin/Documents/RMod/Tools/workspace/verveine.extractor.java/docs" />
    <property name="os.name" value="Linux" />
    <property name="sun.boot.class.path" value="/usr/local/share/jdk1.7.0_11/jre/lib/resources.jar:/usr/local/share/jdk1.7.0_11/jre/lib/rt.jar:/usr/local/share/jdk1.7.0_11/jre/lib/sunrsasign.jar:/usr/local/share/jdk1.7.0_11/jre/lib/jsse.jar:/usr/local/share/jdk1.7.0_11/jre/lib/jce.jar:/usr/local/share/jdk1.7.0_11/jre/lib/charsets.jar:/usr/local/share/jdk1.7.0_11/jre/lib/jfr.jar:/usr/local/share/jdk1.7.0_11/jre/classes" />
    <property name="sun.desktop" value="gnome" />
    <property name="java.vm.specification.vendor" value="Oracle Corporation" />
    <property name="ant.home" value="/usr/share/ant" />
    <property name="java.runtime.version" value="1.7.0_11-b21" />
    <property name="user.name" value="anquetin" />
    <property name="build.dir" value="/home/anquetin/Documents/RMod/Tools/workspace/verveine.extractor.java/bin" />
    <property name="user.language" value="en" />
    <property name="test.report.dir" value="/home/anquetin/Documents/RMod/Tools/workspace/verveine.extractor.java/testrep" />
    <property name="sun.boot.library.path" value="/usr/local/share/jdk1.7.0_11/jre/lib/i386" />
    <property name="ant.file.verveine.extractor.java" value="/home/anquetin/Documents/RMod/Tools/workspace/verveine.extractor.java/build.xml" />
    <property name="ant.project.default-target" value="jar" />
    <property name="ant.project.name" value="verveine.extractor.java" />
    <property name="java.version" value="1.7.0_11" />
    <property name="user.timezone" value="" />
    <property name="sun.arch.data.model" value="32" />
    <property name="java.endorsed.dirs" value="/usr/local/share/jdk1.7.0_11/jre/lib/endorsed" />
    <property name="sun.cpu.isalist" value="" />
    <property name="sun.jnu.encoding" value="UTF-8" />
    <property name="file.encoding.pkg" value="sun.io" />
    <property name="file.separator" value="/" />
    <property name="java.specification.name" value="Java Platform API Specification" />
    <property name="java.class.version" value="51.0" />
    <property name="user.country" value="US" />
    <property name="java.home" value="/usr/local/share/jdk1.7.0_11/jre" />
    <property name="dist.dir" value="/home/anquetin/Documents/RMod/Tools/workspace/verveine.extractor.java/lib" />
    <property name="java.vm.info" value="mixed mode" />
    <property name="ant.file" value="/home/anquetin/Documents/RMod/Tools/workspace/verveine.extractor.java/build.xml" />
    <property name="os.version" value="3.5.0-23-generic" />
    <property name="path.separator" value=":" />
    <property name="java.vm.version" value="23.6-b04" />
    <property name="ant.library.dir" value="/usr/share/ant/lib" />
    <property name="java.awt.printerjob" value="sun.print.PSPrinterJob" />
    <property name="sun.io.unicode.encoding" value="UnicodeLittle" />
    <property name="awt.toolkit" value="sun.awt.X11.XToolkit" />
    <property name="user.home" value="/home/anquetin" />
    <property name="java.specification.vendor" value="Oracle Corporation" />
    <property name="core.dir" value="/home/anquetin/Documents/RMod/Tools/workspace/verveine.core" />
    <property name="test.dir" value="/home/anquetin/Documents/RMod/Tools/workspace/verveine.extractor.java/src/tests/fr/inria/verveine/extractor/java" />
    <property name="java.library.path" value="/usr/java/packages/lib/i386:/lib:/usr/lib" />
    <property name="java.vendor.url" value="http://java.oracle.com/" />
    <property name="java.vm.vendor" value="Oracle Corporation" />
    <property name="java.runtime.name" value="Java(TM) SE Runtime Environment" />
    <property name="sun.java.command" value="org.apache.tools.ant.taskdefs.optional.junit.JUnitTestRunner tests.fr.inria.verveine.extractor.java.VerveineJTest_Summarized filtertrace=true haltOnError=false haltOnFailure=false formatter=org.apache.tools.ant.taskdefs.optional.junit.SummaryJUnitResultFormatter showoutput=false outputtoformatters=true logfailedtests=true logtestlistenerevents=false formatter=org.apache.tools.ant.taskdefs.optional.junit.XMLJUnitResultFormatter,/home/anquetin/Documents/RMod/Tools/workspace/verveine.extractor.java/testrep/TEST-tests.fr.inria.verveine.extractor.java.VerveineJTest_Summarized.xml crashfile=/home/anquetin/Documents/RMod/Tools/workspace/verveine.extractor.java/junitvmwatcher8933648576380945336.properties propsfile=/home/anquetin/Documents/RMod/Tools/workspace/verveine.extractor.java/junit1580133481420390861.properties" />
    <property name="java.class.path" value="/home/anquetin/Documents/RMod/Tools/workspace/verveine.extractor.java/bin:/home/anquetin/Documents/RMod/Tools/workspace/verveine.extractor.java/lib/akuhn-util-r28011.jar:/home/anquetin/Documents/RMod/Tools/workspace/verveine.extractor.java/lib/fame-good.jar:/home/anquetin/Documents/RMod/Tools/workspace/verveine.extractor.java/lib/fame.jar:/home/anquetin/Documents/RMod/Tools/workspace/verveine.extractor.java/lib/famix.jar:/home/anquetin/Documents/RMod/Tools/workspace/verveine.extractor.java/lib/junit.jar:/home/anquetin/Documents/RMod/Tools/workspace/verveine.extractor.java/lib/org.eclipse.core.contenttype_3.4.100.v20110423-0524.jar:/home/anquetin/Documents/RMod/Tools/workspace/verveine.extractor.java/lib/org.eclipse.core.jobs_3.5.100.v20110404.jar:/home/anquetin/Documents/RMod/Tools/workspace/verveine.extractor.java/lib/org.eclipse.core.resources_3.7.100.v20110510-0712.jar:/home/anquetin/Documents/RMod/Tools/workspace/verveine.extractor.java/lib/org.eclipse.core.runtime_3.7.0.v20110110.jar:/home/anquetin/Documents/RMod/Tools/workspace/verveine.extractor.java/lib/org.eclipse.equinox.common_3.6.0.v20110523.jar:/home/anquetin/Documents/RMod/Tools/workspace/verveine.extractor.java/lib/org.eclipse.equinox.preferences_3.4.1.R37x_v20110725.jar:/home/anquetin/Documents/RMod/Tools/workspace/verveine.extractor.java/lib/org.eclipse.jdt.core_3.7.1.v_B76_R37x.jar:/home/anquetin/Documents/RMod/Tools/workspace/verveine.extractor.java/lib/org.eclipse.osgi_3.7.1.R37x_v20110808-1106.jar:/home/anquetin/Documents/RMod/Tools/workspace/verveine.extractor.java/lib/org.eclipse.text_3.5.0.v20100601-1300.jar:/home/anquetin/Documents/RMod/Tools/workspace/verveine.extractor.java/lib/org.hamcrest.core_1.1.0.v20090501071000.jar:/home/anquetin/Documents/RMod/Tools/workspace/verveine.extractor.java/lib/verveine.core.jar:/home/anquetin/Documents/RMod/Tools/workspace/verveine.extractor.java/lib/verveine.extractor.java.jar:/usr/share/ant/lib/junit.jar:/usr/share/java/ant-launcher-1.8.2.jar:/usr/share/ant/lib/ant.jar:/usr/share/ant/lib/ant-junit.jar:/usr/share/ant/lib/ant-junit4.jar" />
    <property name="ant.version" value="Apache Ant(TM) version 1.8.2 compiled on May 18 2012" />
    <property name="java.vm.specification.name" value="Java Virtual Machine Specification" />
    <property name="ant.file.type" value="file" />
    <property name="java.vm.specification.version" value="1.7" />
    <property name="sun.cpu.endian" value="little" />
    <property name="sun.os.patch.level" value="unknown" />
    <property name="ant.file.type.verveine.extractor.java" value="file" />
    <property name="java.io.tmpdir" value="/tmp" />
    <property name="java.vendor.url.bug" value="http://bugreport.sun.com/bugreport/" />
    <property name="verveine.jar" value="/home/anquetin/Documents/RMod/Tools/workspace/verveine.extractor.java/lib/verveine.extractor.java.jar" />
    <property name="os.arch" value="i386" />
    <property name="java.awt.graphicsenv" value="sun.awt.X11GraphicsEnvironment" />
    <property name="java.ext.dirs" value="/usr/local/share/jdk1.7.0_11/jre/lib/ext:/usr/java/packages/lib/ext" />
    <property name="user.dir" value="/home/anquetin/Documents/RMod/Tools/workspace/verveine.extractor.java" />
    <property name="line.separator" value="&#xa;" />
    <property name="java.vm.name" value="Java HotSpot(TM) Server VM" />
    <property name="basedir" value="/home/anquetin/Documents/RMod/Tools/workspace/verveine.extractor.java" />
    <property name="ant.java.version" value="1.7" />
    <property name="ant.core.lib" value="/usr/share/ant/lib/ant.jar" />
    <property name="file.encoding" value="UTF-8" />
    <property name="java.specification.version" value="1.7" />
    <property name="src.dir" value="/home/anquetin/Documents/RMod/Tools/workspace/verveine.extractor.java/src" />
    <property name="ant.project.invoked-targets" value="junit" />
  </properties>
  <testcase classname="tests.fr.inria.verveine.extractor.java.VerveineJTest_Summarized" name="testEntitiesNumber" time="2.237">
    <failure message="expected:&lt;24&gt; but was:&lt;25&gt;" type="junit.framework.AssertionFailedError">junit.framework.AssertionFailedError: expected:&lt;24&gt; but was:&lt;25&gt;
	at tests.fr.inria.verveine.extractor.java.VerveineJTest_Summarized.testEntitiesNumber(Unknown Source)
</failure>
  </testcase>
  <testcase classname="tests.fr.inria.verveine.extractor.java.VerveineJTest_Summarized" name="testInheritance" time="0.941" />
  <testcase classname="tests.fr.inria.verveine.extractor.java.VerveineJTest_Summarized" name="testAssociation" time="0.851" />
  <testcase classname="tests.fr.inria.verveine.extractor.java.VerveineJTest_Summarized" name="testBelongsTo" time="0.446" />
  <testcase classname="tests.fr.inria.verveine.extractor.java.VerveineJTest_Summarized" name="testMethodAndClassSourceAnchor" time="0.427" />
  <testcase classname="tests.fr.inria.verveine.extractor.java.VerveineJTest_Summarized" name="testJavaCore" time="0.421" />
  <testcase classname="tests.fr.inria.verveine.extractor.java.VerveineJTest_Summarized" name="testSourceLanguage" time="0.394" />
  <testcase classname="tests.fr.inria.verveine.extractor.java.VerveineJTest_Summarized" name="testPrimitiveTypes" time="0.354" />
  <system-out><![CDATA[VerveineJ processing file: test_src/LANModel/moose/lan/AbstractDestinationAddress.java
VerveineJ processing file: test_src/LANModel/moose/lan/Node.java
VerveineJ processing file: test_src/LANModel/moose/lan/Packet.java
VerveineJ processing file: test_src/LANModel/moose/lan/SingleDestinationAddress.java
VerveineJ processing file: test_src/LANModel/moose/lan/WorkStation.java
VerveineJ processing file: test_src/LANModel/moose/lan/server/FileServer.java
VerveineJ processing file: test_src/LANModel/moose/lan/server/IPrinter.java
VerveineJ processing file: test_src/LANModel/moose/lan/server/OutputServer.java
VerveineJ processing file: test_src/LANModel/moose/lan/server/PrintServer.java
VerveineJ processing file: test_src/LANModel/moose/lan/AbstractDestinationAddress.java
VerveineJ processing file: test_src/LANModel/moose/lan/Node.java
VerveineJ processing file: test_src/LANModel/moose/lan/Packet.java
VerveineJ processing file: test_src/LANModel/moose/lan/SingleDestinationAddress.java
VerveineJ processing file: test_src/LANModel/moose/lan/WorkStation.java
VerveineJ processing file: test_src/LANModel/moose/lan/server/FileServer.java
VerveineJ processing file: test_src/LANModel/moose/lan/server/IPrinter.java
VerveineJ processing file: test_src/LANModel/moose/lan/server/OutputServer.java
VerveineJ processing file: test_src/LANModel/moose/lan/server/PrintServer.java
VerveineJ processing file: test_src/LANModel/moose/lan/AbstractDestinationAddress.java
VerveineJ processing file: test_src/LANModel/moose/lan/Node.java
VerveineJ processing file: test_src/LANModel/moose/lan/Packet.java
VerveineJ processing file: test_src/LANModel/moose/lan/SingleDestinationAddress.java
VerveineJ processing file: test_src/LANModel/moose/lan/WorkStation.java
VerveineJ processing file: test_src/LANModel/moose/lan/server/FileServer.java
VerveineJ processing file: test_src/LANModel/moose/lan/server/IPrinter.java
VerveineJ processing file: test_src/LANModel/moose/lan/server/OutputServer.java
VerveineJ processing file: test_src/LANModel/moose/lan/server/PrintServer.java
VerveineJ processing file: test_src/LANModel/moose/lan/AbstractDestinationAddress.java
VerveineJ processing file: test_src/LANModel/moose/lan/Node.java
VerveineJ processing file: test_src/LANModel/moose/lan/Packet.java
VerveineJ processing file: test_src/LANModel/moose/lan/SingleDestinationAddress.java
VerveineJ processing file: test_src/LANModel/moose/lan/WorkStation.java
VerveineJ processing file: test_src/LANModel/moose/lan/server/FileServer.java
VerveineJ processing file: test_src/LANModel/moose/lan/server/IPrinter.java
VerveineJ processing file: test_src/LANModel/moose/lan/server/OutputServer.java
VerveineJ processing file: test_src/LANModel/moose/lan/server/PrintServer.java
VerveineJ processing file: test_src/LANModel/moose/lan/AbstractDestinationAddress.java
VerveineJ processing file: test_src/LANModel/moose/lan/Node.java
VerveineJ processing file: test_src/LANModel/moose/lan/Packet.java
VerveineJ processing file: test_src/LANModel/moose/lan/SingleDestinationAddress.java
VerveineJ processing file: test_src/LANModel/moose/lan/WorkStation.java
VerveineJ processing file: test_src/LANModel/moose/lan/server/FileServer.java
VerveineJ processing file: test_src/LANModel/moose/lan/server/IPrinter.java
VerveineJ processing file: test_src/LANModel/moose/lan/server/OutputServer.java
VerveineJ processing file: test_src/LANModel/moose/lan/server/PrintServer.java
VerveineJ processing file: test_src/LANModel/moose/lan/AbstractDestinationAddress.java
VerveineJ processing file: test_src/LANModel/moose/lan/Node.java
VerveineJ processing file: test_src/LANModel/moose/lan/Packet.java
VerveineJ processing file: test_src/LANModel/moose/lan/SingleDestinationAddress.java
VerveineJ processing file: test_src/LANModel/moose/lan/WorkStation.java
VerveineJ processing file: test_src/LANModel/moose/lan/server/FileServer.java
VerveineJ processing file: test_src/LANModel/moose/lan/server/IPrinter.java
VerveineJ processing file: test_src/LANModel/moose/lan/server/OutputServer.java
VerveineJ processing file: test_src/LANModel/moose/lan/server/PrintServer.java
VerveineJ processing file: test_src/LANModel/moose/lan/AbstractDestinationAddress.java
VerveineJ processing file: test_src/LANModel/moose/lan/Node.java
VerveineJ processing file: test_src/LANModel/moose/lan/Packet.java
VerveineJ processing file: test_src/LANModel/moose/lan/SingleDestinationAddress.java
VerveineJ processing file: test_src/LANModel/moose/lan/WorkStation.java
VerveineJ processing file: test_src/LANModel/moose/lan/server/FileServer.java
VerveineJ processing file: test_src/LANModel/moose/lan/server/IPrinter.java
VerveineJ processing file: test_src/LANModel/moose/lan/server/OutputServer.java
VerveineJ processing file: test_src/LANModel/moose/lan/server/PrintServer.java
VerveineJ processing file: test_src/LANModel/moose/lan/AbstractDestinationAddress.java
VerveineJ processing file: test_src/LANModel/moose/lan/Node.java
VerveineJ processing file: test_src/LANModel/moose/lan/Packet.java
VerveineJ processing file: test_src/LANModel/moose/lan/SingleDestinationAddress.java
VerveineJ processing file: test_src/LANModel/moose/lan/WorkStation.java
VerveineJ processing file: test_src/LANModel/moose/lan/server/FileServer.java
VerveineJ processing file: test_src/LANModel/moose/lan/server/IPrinter.java
VerveineJ processing file: test_src/LANModel/moose/lan/server/OutputServer.java
VerveineJ processing file: test_src/LANModel/moose/lan/server/PrintServer.java
]]></system-out>
  <system-err><![CDATA[*** VerveineJ visitor got exception: 'java.lang.NullPointerException' while processing file: test_src/LANModel/moose/lan/Node.java
*** VerveineJ visitor got exception: 'java.lang.NullPointerException' while processing file: test_src/LANModel/moose/lan/Packet.java
*** VerveineJ visitor got exception: 'java.lang.NullPointerException' while processing file: test_src/LANModel/moose/lan/SingleDestinationAddress.java
*** VerveineJ visitor got exception: 'java.lang.NullPointerException' while processing file: test_src/LANModel/moose/lan/WorkStation.java
*** VerveineJ visitor got exception: 'java.lang.NullPointerException' while processing file: test_src/LANModel/moose/lan/server/FileServer.java
*** VerveineJ visitor got exception: 'java.lang.NullPointerException' while processing file: test_src/LANModel/moose/lan/server/OutputServer.java
*** VerveineJ visitor got exception: 'java.lang.NullPointerException' while processing file: test_src/LANModel/moose/lan/server/PrintServer.java
*** VerveineJ visitor got exception: 'java.lang.NullPointerException' while processing file: test_src/LANModel/moose/lan/Node.java
*** VerveineJ visitor got exception: 'java.lang.NullPointerException' while processing file: test_src/LANModel/moose/lan/Packet.java
*** VerveineJ visitor got exception: 'java.lang.NullPointerException' while processing file: test_src/LANModel/moose/lan/SingleDestinationAddress.java
*** VerveineJ visitor got exception: 'java.lang.NullPointerException' while processing file: test_src/LANModel/moose/lan/WorkStation.java
*** VerveineJ visitor got exception: 'java.lang.NullPointerException' while processing file: test_src/LANModel/moose/lan/server/FileServer.java
*** VerveineJ visitor got exception: 'java.lang.NullPointerException' while processing file: test_src/LANModel/moose/lan/server/OutputServer.java
*** VerveineJ visitor got exception: 'java.lang.NullPointerException' while processing file: test_src/LANModel/moose/lan/server/PrintServer.java
*** VerveineJ visitor got exception: 'java.lang.NullPointerException' while processing file: test_src/LANModel/moose/lan/Node.java
*** VerveineJ visitor got exception: 'java.lang.NullPointerException' while processing file: test_src/LANModel/moose/lan/Packet.java
*** VerveineJ visitor got exception: 'java.lang.NullPointerException' while processing file: test_src/LANModel/moose/lan/SingleDestinationAddress.java
*** VerveineJ visitor got exception: 'java.lang.NullPointerException' while processing file: test_src/LANModel/moose/lan/WorkStation.java
*** VerveineJ visitor got exception: 'java.lang.NullPointerException' while processing file: test_src/LANModel/moose/lan/server/FileServer.java
*** VerveineJ visitor got exception: 'java.lang.NullPointerException' while processing file: test_src/LANModel/moose/lan/server/OutputServer.java
*** VerveineJ visitor got exception: 'java.lang.NullPointerException' while processing file: test_src/LANModel/moose/lan/server/PrintServer.java
*** VerveineJ visitor got exception: 'java.lang.NullPointerException' while processing file: test_src/LANModel/moose/lan/Node.java
*** VerveineJ visitor got exception: 'java.lang.NullPointerException' while processing file: test_src/LANModel/moose/lan/Packet.java
*** VerveineJ visitor got exception: 'java.lang.NullPointerException' while processing file: test_src/LANModel/moose/lan/SingleDestinationAddress.java
*** VerveineJ visitor got exception: 'java.lang.NullPointerException' while processing file: test_src/LANModel/moose/lan/WorkStation.java
*** VerveineJ visitor got exception: 'java.lang.NullPointerException' while processing file: test_src/LANModel/moose/lan/server/FileServer.java
*** VerveineJ visitor got exception: 'java.lang.NullPointerException' while processing file: test_src/LANModel/moose/lan/server/OutputServer.java
*** VerveineJ visitor got exception: 'java.lang.NullPointerException' while processing file: test_src/LANModel/moose/lan/server/PrintServer.java
*** VerveineJ visitor got exception: 'java.lang.NullPointerException' while processing file: test_src/LANModel/moose/lan/Node.java
*** VerveineJ visitor got exception: 'java.lang.NullPointerException' while processing file: test_src/LANModel/moose/lan/Packet.java
*** VerveineJ visitor got exception: 'java.lang.NullPointerException' while processing file: test_src/LANModel/moose/lan/SingleDestinationAddress.java
*** VerveineJ visitor got exception: 'java.lang.NullPointerException' while processing file: test_src/LANModel/moose/lan/WorkStation.java
*** VerveineJ visitor got exception: 'java.lang.NullPointerException' while processing file: test_src/LANModel/moose/lan/server/FileServer.java
*** VerveineJ visitor got exception: 'java.lang.NullPointerException' while processing file: test_src/LANModel/moose/lan/server/OutputServer.java
*** VerveineJ visitor got exception: 'java.lang.NullPointerException' while processing file: test_src/LANModel/moose/lan/server/PrintServer.java
*** VerveineJ visitor got exception: 'java.lang.NullPointerException' while processing file: test_src/LANModel/moose/lan/Node.java
*** VerveineJ visitor got exception: 'java.lang.NullPointerException' while processing file: test_src/LANModel/moose/lan/Packet.java
*** VerveineJ visitor got exception: 'java.lang.NullPointerException' while processing file: test_src/LANModel/moose/lan/SingleDestinationAddress.java
*** VerveineJ visitor got exception: 'java.lang.NullPointerException' while processing file: test_src/LANModel/moose/lan/WorkStation.java
*** VerveineJ visitor got exception: 'java.lang.NullPointerException' while processing file: test_src/LANModel/moose/lan/server/FileServer.java
*** VerveineJ visitor got exception: 'java.lang.NullPointerException' while processing file: test_src/LANModel/moose/lan/server/OutputServer.java
*** VerveineJ visitor got exception: 'java.lang.NullPointerException' while processing file: test_src/LANModel/moose/lan/server/PrintServer.java
*** VerveineJ visitor got exception: 'java.lang.NullPointerException' while processing file: test_src/LANModel/moose/lan/Node.java
*** VerveineJ visitor got exception: 'java.lang.NullPointerException' while processing file: test_src/LANModel/moose/lan/Packet.java
*** VerveineJ visitor got exception: 'java.lang.NullPointerException' while processing file: test_src/LANModel/moose/lan/SingleDestinationAddress.java
*** VerveineJ visitor got exception: 'java.lang.NullPointerException' while processing file: test_src/LANModel/moose/lan/WorkStation.java
*** VerveineJ visitor got exception: 'java.lang.NullPointerException' while processing file: test_src/LANModel/moose/lan/server/FileServer.java
*** VerveineJ visitor got exception: 'java.lang.NullPointerException' while processing file: test_src/LANModel/moose/lan/server/OutputServer.java
*** VerveineJ visitor got exception: 'java.lang.NullPointerException' while processing file: test_src/LANModel/moose/lan/server/PrintServer.java
*** VerveineJ visitor got exception: 'java.lang.NullPointerException' while processing file: test_src/LANModel/moose/lan/Node.java
*** VerveineJ visitor got exception: 'java.lang.NullPointerException' while processing file: test_src/LANModel/moose/lan/Packet.java
*** VerveineJ visitor got exception: 'java.lang.NullPointerException' while processing file: test_src/LANModel/moose/lan/SingleDestinationAddress.java
*** VerveineJ visitor got exception: 'java.lang.NullPointerException' while processing file: test_src/LANModel/moose/lan/WorkStation.java
*** VerveineJ visitor got exception: 'java.lang.NullPointerException' while processing file: test_src/LANModel/moose/lan/server/FileServer.java
*** VerveineJ visitor got exception: 'java.lang.NullPointerException' while processing file: test_src/LANModel/moose/lan/server/OutputServer.java
*** VerveineJ visitor got exception: 'java.lang.NullPointerException' while processing file: test_src/LANModel/moose/lan/server/PrintServer.java
]]></system-err>
</testsuite>
